<?xml version="1.0" encoding="UTF-8"?>
<!-- Generated by org.testng.reporters.JUnitReportReporter -->
<testsuite hostname="Sivaraj" failures="0" tests="1" name="com.kisansarathi.testcases.Pending_Query" time="60.415" errors="0" timestamp="2024-10-21T16:38:01 IST" skipped="0">
  <testcase classname="com.kisansarathi.testcases.Pending_Query" name="pendingquery" time="60.415"/>
  <system-out/>
</testsuite> <!-- com.kisansarathi.testcases.Pending_Query -->
