<?xml version="1.0" encoding="UTF-8"?>
<!-- Generated by org.testng.reporters.JUnitReportReporter -->
<testsuite hostname="Sivaraj" failures="0" tests="1" name="com.kisansarathi.testcases.Message_Master" time="18.080" errors="0" timestamp="2024-10-23T15:32:46 IST" skipped="0">
  <testcase classname="com.kisansarathi.testcases.Message_Master" name="messageMaster" time="18.080"/>
  <system-out/>
</testsuite> <!-- com.kisansarathi.testcases.Message_Master -->
