<?xml version="1.0" encoding="UTF-8"?>
<!-- Generated by org.testng.reporters.JUnitReportReporter -->
<testsuite hostname="Sivaraj" failures="0" tests="1" name="com.kisansarathi.testcases.Users_Management" time="88.271" errors="0" timestamp="2024-10-17T08:17:56 IST" skipped="0">
  <testcase classname="com.kisansarathi.testcases.Users_Management" name="usersmanagement" time="88.271"/>
  <system-out/>
</testsuite> <!-- com.kisansarathi.testcases.Users_Management -->
