<?xml version="1.0" encoding="UTF-8"?>
<!-- Generated by org.testng.reporters.JUnitReportReporter -->
<testsuite hostname="Sivaraj" failures="0" tests="1" name="com.kisansarathi.testcases.Report_ExportUser" time="22.087" errors="0" timestamp="2024-10-24T13:50:27 IST" skipped="0">
  <testcase classname="com.kisansarathi.testcases.Report_ExportUser" name="exportuserReports" time="22.087"/>
  <system-out/>
</testsuite> <!-- com.kisansarathi.testcases.Report_ExportUser -->
