<?xml version="1.0" encoding="UTF-8"?>
<!-- Generated by org.testng.reporters.JUnitReportReporter -->
<testsuite hostname="SivarajPonnusamy" failures="0" tests="1" name="com.kisansarathi.testcases.Individual_Message" time="0.266" errors="0" timestamp="2024-09-05T15:51:26 IST" skipped="0">
  <testcase classname="com.kisansarathi.testcases.Individual_Message" name="individualMessage" time="0.266"/>
  <system-out/>
</testsuite> <!-- com.kisansarathi.testcases.Individual_Message -->
