<?xml version="1.0" encoding="UTF-8"?>
<!-- Generated by org.testng.reporters.JUnitReportReporter -->
<testsuite hostname="Sivaraj" failures="0" tests="3" name="com.kisansarathi.testcases.Zone_Master" time="87.520" errors="0" timestamp="2024-10-23T16:18:57 IST" skipped="0">
  <testcase classname="com.kisansarathi.testcases.Zone_Master" name="zoneMaster" time="29.090"/>
  <system-out/>
  <testcase classname="com.kisansarathi.testcases.Zone_Master" name="zoneMaster" time="30.349"/>
  <system-out/>
  <testcase classname="com.kisansarathi.testcases.Zone_Master" name="zoneMaster" time="28.081"/>
  <system-out/>
</testsuite> <!-- com.kisansarathi.testcases.Zone_Master -->
