<?xml version="1.0" encoding="UTF-8"?>
<!-- Generated by org.testng.reporters.JUnitReportReporter -->
<testsuite hostname="Sivaraj" failures="0" tests="1" name="com.kisansarathi.testcases.Manage_MultiMedia" time="53.414" errors="0" timestamp="2024-10-15T22:26:44 IST" skipped="0">
  <testcase classname="com.kisansarathi.testcases.Manage_MultiMedia" name="manageMultimedia" time="53.414"/>
  <system-out/>
</testsuite> <!-- com.kisansarathi.testcases.Manage_MultiMedia -->
