<?xml version="1.0" encoding="UTF-8"?>
<!-- Generated by org.testng.reporters.JUnitReportReporter -->
<testsuite hostname="Sivaraj" failures="0" tests="1" name="com.kisansarathi.testcases.Manage_MultiMedia" time="55.576" errors="0" timestamp="2024-10-07T14:38:48 IST" skipped="0">
  <testcase classname="com.kisansarathi.testcases.Manage_MultiMedia" name="manageMultimedia" time="55.576"/>
  <system-out/>
</testsuite> <!-- com.kisansarathi.testcases.Manage_MultiMedia -->
