<?xml version="1.0" encoding="UTF-8"?>
<!-- Generated by org.testng.reporters.JUnitReportReporter -->
<testsuite hostname="SivarajPonnusamy" failures="0" tests="1" name="com.kisansarathi.testcases.Users_Management" time="94.157" errors="0" timestamp="2024-09-04T07:51:33 IST" skipped="0">
  <testcase classname="com.kisansarathi.testcases.Users_Management" name="usersmanagement" time="94.157"/>
  <system-out/>
</testsuite> <!-- com.kisansarathi.testcases.Users_Management -->
