<?xml version="1.0" encoding="UTF-8"?>
<!-- Generated by org.testng.reporters.JUnitReportReporter -->
<testsuite hostname="Sivaraj" failures="0" tests="4" name="com.kisansarathi.testcases.Language_Master" time="62.438" errors="0" timestamp="2024-10-21T18:49:08 IST" skipped="0">
  <testcase classname="com.kisansarathi.testcases.Language_Master" name="languageMaster" time="11.835"/>
  <system-out/>
  <testcase classname="com.kisansarathi.testcases.Language_Master" name="languageMaster" time="16.691"/>
  <system-out/>
  <testcase classname="com.kisansarathi.testcases.Language_Master" name="languageMaster" time="16.764"/>
  <system-out/>
  <testcase classname="com.kisansarathi.testcases.Language_Master" name="languageMaster" time="17.148"/>
  <system-out/>
</testsuite> <!-- com.kisansarathi.testcases.Language_Master -->
